2023-05-31 11:35:16.384  INFO DESKTOP-VPMJP86 --- [  restartedMain] c.n.j.JcmswebfaceApplication             : Starting JcmswebfaceApplication using Java 11.0.16.1 on DESKTOP-VPMJP86 with PID 16036 (C:\Users\Pughal\Documents\workspace-spring-tool-suite-4-4.16.1.RELEASE\jcmswebface\target\classes started by srpp in C:\Users\Pughal\Documents\workspace-spring-tool-suite-4-4.16.1.RELEASE\jcmswebface)
2023-05-31 11:35:16.415  INFO DESKTOP-VPMJP86 --- [  restartedMain] c.n.j.JcmswebfaceApplication             : The following 1 profile is active: "DEV"
2023-05-31 11:35:16.567  INFO DESKTOP-VPMJP86 --- [  restartedMain] .e.DevToolsPropertyDefaultsPostProcessor : Devtools property defaults active! Set 'spring.devtools.add-properties' to 'false' to disable
2023-05-31 11:35:16.568  INFO DESKTOP-VPMJP86 --- [  restartedMain] .e.DevToolsPropertyDefaultsPostProcessor : For additional web related logging consider setting the 'logging.level.web' property to 'DEBUG'
2023-05-31 11:35:20.373  INFO DESKTOP-VPMJP86 --- [  restartedMain] o.s.b.w.e.t.TomcatWebServer              : Tomcat initialized with port(s): 8080 (http)
2023-05-31 11:35:20.466  INFO DESKTOP-VPMJP86 --- [  restartedMain] o.a.c.h.Http11NioProtocol                : Initializing ProtocolHandler ["http-nio-8080"]
2023-05-31 11:35:20.468  INFO DESKTOP-VPMJP86 --- [  restartedMain] o.a.c.c.StandardService                  : Starting service [Tomcat]
2023-05-31 11:35:20.469  INFO DESKTOP-VPMJP86 --- [  restartedMain] o.a.c.c.StandardEngine                   : Starting Servlet engine: [Apache Tomcat/9.0.68]
2023-05-31 11:35:20.719  INFO DESKTOP-VPMJP86 --- [  restartedMain] o.a.c.c.C.[.[.[/jcmswebface]             : Initializing Spring embedded WebApplicationContext
2023-05-31 11:35:20.719  INFO DESKTOP-VPMJP86 --- [  restartedMain] w.s.c.ServletWebServerApplicationContext : Root WebApplicationContext: initialization completed in 4149 ms
2023-05-31 11:35:22.426  INFO DESKTOP-VPMJP86 --- [  restartedMain] o.s.b.a.w.s.WelcomePageHandlerMapping    : Adding welcome page template: index
2023-05-31 11:35:23.835  INFO DESKTOP-VPMJP86 --- [  restartedMain] o.s.b.d.a.OptionalLiveReloadServer       : LiveReload server is running on port 35729
2023-05-31 11:35:23.883  INFO DESKTOP-VPMJP86 --- [  restartedMain] o.a.c.h.Http11NioProtocol                : Starting ProtocolHandler ["http-nio-8080"]
2023-05-31 11:35:23.964  INFO DESKTOP-VPMJP86 --- [  restartedMain] o.s.b.w.e.t.TomcatWebServer              : Tomcat started on port(s): 8080 (http) with context path '/jcmswebface'
2023-05-31 11:35:23.992  INFO DESKTOP-VPMJP86 --- [  restartedMain] c.n.j.JcmswebfaceApplication             : Started JcmswebfaceApplication in 8.504 seconds (JVM running for 12.004)
2023-05-31 11:35:23.998  INFO DESKTOP-VPMJP86 --- [  restartedMain] c.n.j.JcmswebfaceApplication             : ===============================================================================
2023-05-31 11:35:23.999  INFO DESKTOP-VPMJP86 --- [  restartedMain] c.n.j.JcmswebfaceApplication             :                JCMSWEBFACE WEBAPP HAS BEEN STARTED                             
2023-05-31 11:35:23.999  INFO DESKTOP-VPMJP86 --- [  restartedMain] c.n.j.JcmswebfaceApplication             : ===============================================================================
2023-05-31 11:36:37.765  INFO DESKTOP-VPMJP86 --- [   File Watcher] rtingClassPathChangeChangedEventListener : Restarting due to 1 class path change (0 additions, 0 deletions, 1 modification)
2023-05-31 11:36:41.374  INFO DESKTOP-VPMJP86 --- [       Thread-5] o.a.c.h.Http11NioProtocol                : Pausing ProtocolHandler ["http-nio-8080"]
2023-05-31 11:36:41.376  WARN DESKTOP-VPMJP86 --- [       Thread-5] o.a.t.u.n.NioEndpoint                    : Failed to unlock acceptor for [http-nio-8080] because the local address was not available
2023-05-31 11:36:41.377  INFO DESKTOP-VPMJP86 --- [       Thread-5] o.a.c.c.StandardService                  : Stopping service [Tomcat]
2023-05-31 11:36:41.760 ERROR DESKTOP-VPMJP86 --- [o-8080-Acceptor] o.a.t.u.n.Acceptor                       : Socket accept failed
java.nio.channels.AsynchronousCloseException
	at java.base/java.nio.channels.spi.AbstractInterruptibleChannel.end(AbstractInterruptibleChannel.java:202)
	at java.base/sun.nio.ch.ServerSocketChannelImpl.end(ServerSocketChannelImpl.java:269)
	at java.base/sun.nio.ch.ServerSocketChannelImpl.accept(ServerSocketChannelImpl.java:288)
	at org.apache.tomcat.util.net.NioEndpoint.serverSocketAccept(NioEndpoint.java:547)
	at org.apache.tomcat.util.net.NioEndpoint.serverSocketAccept(NioEndpoint.java:79)
	at org.apache.tomcat.util.net.Acceptor.run(Acceptor.java:129)
	at java.base/java.lang.Thread.run(Thread.java:834)
2023-05-31 11:36:41.926  INFO DESKTOP-VPMJP86 --- [       Thread-5] o.a.c.h.Http11NioProtocol                : Stopping ProtocolHandler ["http-nio-8080"]
2023-05-31 11:36:41.932  INFO DESKTOP-VPMJP86 --- [       Thread-5] o.a.c.h.Http11NioProtocol                : Destroying ProtocolHandler ["http-nio-8080"]
2023-05-31 11:36:44.737  INFO DESKTOP-VPMJP86 --- [  restartedMain] c.n.j.JcmswebfaceApplication             : Starting JcmswebfaceApplication using Java 11.0.16.1 on DESKTOP-VPMJP86 with PID 16036 (C:\Users\Pughal\Documents\workspace-spring-tool-suite-4-4.16.1.RELEASE\jcmswebface\target\classes started by srpp in C:\Users\Pughal\Documents\workspace-spring-tool-suite-4-4.16.1.RELEASE\jcmswebface)
2023-05-31 11:36:44.739  INFO DESKTOP-VPMJP86 --- [  restartedMain] c.n.j.JcmswebfaceApplication             : The following 1 profile is active: "DEV"
2023-05-31 11:36:49.635  INFO DESKTOP-VPMJP86 --- [  restartedMain] o.s.b.w.e.t.TomcatWebServer              : Tomcat initialized with port(s): 8080 (http)
2023-05-31 11:36:49.637  INFO DESKTOP-VPMJP86 --- [  restartedMain] o.a.c.h.Http11NioProtocol                : Initializing ProtocolHandler ["http-nio-8080"]
2023-05-31 11:36:49.638  INFO DESKTOP-VPMJP86 --- [  restartedMain] o.a.c.c.StandardService                  : Starting service [Tomcat]
2023-05-31 11:36:49.639  INFO DESKTOP-VPMJP86 --- [  restartedMain] o.a.c.c.StandardEngine                   : Starting Servlet engine: [Apache Tomcat/9.0.68]
2023-05-31 11:36:49.799  INFO DESKTOP-VPMJP86 --- [  restartedMain] o.a.c.c.C.[.[.[/jcmswebface]             : Initializing Spring embedded WebApplicationContext
2023-05-31 11:36:49.800  INFO DESKTOP-VPMJP86 --- [  restartedMain] w.s.c.ServletWebServerApplicationContext : Root WebApplicationContext: initialization completed in 5053 ms
2023-05-31 11:36:50.209  INFO DESKTOP-VPMJP86 --- [  restartedMain] o.s.b.a.w.s.WelcomePageHandlerMapping    : Adding welcome page template: index
2023-05-31 11:36:50.436  INFO DESKTOP-VPMJP86 --- [  restartedMain] o.s.b.d.a.OptionalLiveReloadServer       : LiveReload server is running on port 35729
2023-05-31 11:36:50.486  INFO DESKTOP-VPMJP86 --- [  restartedMain] o.a.c.h.Http11NioProtocol                : Starting ProtocolHandler ["http-nio-8080"]
2023-05-31 11:36:50.491  INFO DESKTOP-VPMJP86 --- [  restartedMain] o.s.b.w.e.t.TomcatWebServer              : Tomcat started on port(s): 8080 (http) with context path '/jcmswebface'
2023-05-31 11:36:50.517  INFO DESKTOP-VPMJP86 --- [  restartedMain] c.n.j.JcmswebfaceApplication             : Started JcmswebfaceApplication in 6.083 seconds (JVM running for 98.529)
2023-05-31 11:36:50.524  INFO DESKTOP-VPMJP86 --- [  restartedMain] .ConditionEvaluationDeltaLoggingListener : Condition evaluation unchanged
2023-05-31 11:36:50.531  INFO DESKTOP-VPMJP86 --- [  restartedMain] c.n.j.JcmswebfaceApplication             : ===============================================================================
2023-05-31 11:36:50.532  INFO DESKTOP-VPMJP86 --- [  restartedMain] c.n.j.JcmswebfaceApplication             :                JCMSWEBFACE WEBAPP HAS BEEN STARTED                             
2023-05-31 11:36:50.533  INFO DESKTOP-VPMJP86 --- [  restartedMain] c.n.j.JcmswebfaceApplication             : ===============================================================================
2023-05-31 11:36:50.533  INFO DESKTOP-VPMJP86 --- [  restartedMain] c.n.j.JcmswebfaceApplication             : Info log
2023-05-31 11:36:50.535  WARN DESKTOP-VPMJP86 --- [  restartedMain] c.n.j.JcmswebfaceApplication             : Hey, This is a warning!
2023-05-31 11:36:50.536 ERROR DESKTOP-VPMJP86 --- [  restartedMain] c.n.j.JcmswebfaceApplication             : Oops! We have an Error. OK
2023-05-31 11:36:50.537 FATAL DESKTOP-VPMJP86 --- [  restartedMain] c.n.j.JcmswebfaceApplication             : Damn! Fatal error. Please fix me.
2023-05-31 11:39:29.584  INFO DESKTOP-VPMJP86 --- [nio-8080-exec-2] o.a.c.c.C.[.[.[/jcmswebface]             : Initializing Spring DispatcherServlet 'dispatcherServlet'
2023-05-31 11:39:29.585  INFO DESKTOP-VPMJP86 --- [nio-8080-exec-2] o.s.w.s.DispatcherServlet                : Initializing Servlet 'dispatcherServlet'
2023-05-31 11:39:29.592  INFO DESKTOP-VPMJP86 --- [nio-8080-exec-2] o.s.w.s.DispatcherServlet                : Completed initialization in 7 ms
2023-05-31 11:39:30.280  WARN DESKTOP-VPMJP86 --- [nio-8080-exec-2] o.a.c.u.SessionIdGeneratorBase           : Creation of SecureRandom instance for session ID generation using [SHA1PRNG] took [428] milliseconds.
2023-05-31 11:39:37.161  INFO DESKTOP-VPMJP86 --- [nio-8080-exec-1] c.n.j.m.MenubarController                : #######################
2023-05-31 11:39:37.163  INFO DESKTOP-VPMJP86 --- [nio-8080-exec-1] c.n.j.m.MenubarController                : KINDLY LOGIN TO PROCEEED
2023-05-31 11:39:37.164  INFO DESKTOP-VPMJP86 --- [nio-8080-exec-1] c.n.j.m.MenubarController                : USER OPENING THE PAGE: 1
2023-05-31 11:39:43.559  INFO DESKTOP-VPMJP86 --- [nio-8080-exec-6] c.n.j.a.AuthenticationService            : logincheck() method has been started
2023-05-31 11:39:43.648  INFO DESKTOP-VPMJP86 --- [nio-8080-exec-6] c.z.h.HikariDataSource                   : HikariPool-1 - Starting...
2023-05-31 11:39:49.930  INFO DESKTOP-VPMJP86 --- [nio-8080-exec-6] c.z.h.HikariDataSource                   : HikariPool-1 - Start completed.
2023-05-31 11:39:52.768  INFO DESKTOP-VPMJP86 --- [nio-8080-exec-6] c.n.j.a.AuthenticationService            : logincheck() method has been completed
2023-05-31 11:39:52.768  INFO DESKTOP-VPMJP86 --- [nio-8080-exec-6] c.n.j.a.AuthenticationController         : >>>>>>>>>>>>>>>>>>>>>>>>>>>>>>>>>>>>>>>>>>>>>>>>>>>>>>>>>>>>>>>>>>>>>>>>>>>>>>>>>>>>>>>>>>>>>>>>>>>>>>>>>>>>>>>>>>>>>>>>>>>>>>>>>>>>>>>>>>>>>>>
2023-05-31 11:39:52.770  INFO DESKTOP-VPMJP86 --- [nio-8080-exec-6] c.n.j.a.AuthenticationController         : USER:(n1) LOGGED IN SUCCESFULLY
2023-05-31 11:39:52.771  INFO DESKTOP-VPMJP86 --- [nio-8080-exec-6] c.n.j.a.AuthenticationController         : SESSION:(BC468D27AE74D85374CF3AAA3D8A08EB) CREATED.
2023-05-31 11:39:52.772  INFO DESKTOP-VPMJP86 --- [nio-8080-exec-6] c.n.j.a.AuthenticationController         : >>>>>>>>>>>>>>>>>>>>>>>>>>>>>>>>>>>>>>>>>>>>>>>>>>>>>>>>>>>>>>>>>>>>>>>>>>>>>>>>>>>>>>>>>>>>>>>>>>>>>>>>>>>>>>>>>>>>>>>>>>>>>>>>>>>>>>>>>>>>>>>
2023-05-31 11:39:53.080  INFO DESKTOP-VPMJP86 --- [io-8080-exec-10] c.n.j.m.MenubarController                : #######################
2023-05-31 11:39:53.081  INFO DESKTOP-VPMJP86 --- [io-8080-exec-10] c.n.j.m.MenubarController                : USER OPENING THE PAGE: 1000
2023-05-31 11:39:59.787  INFO DESKTOP-VPMJP86 --- [nio-8080-exec-2] c.n.j.m.MenubarController                : #######################
2023-05-31 11:39:59.790  INFO DESKTOP-VPMJP86 --- [nio-8080-exec-2] c.n.j.m.MenubarController                : USER OPENING THE PAGE: 2100
2023-05-31 11:40:02.448  INFO DESKTOP-VPMJP86 --- [nio-8080-exec-1] c.n.j.m.MenubarController                : #######################
2023-05-31 11:40:02.448  INFO DESKTOP-VPMJP86 --- [nio-8080-exec-1] c.n.j.m.MenubarController                : USER OPENING THE PAGE: 3100
2023-05-31 11:40:03.615  INFO DESKTOP-VPMJP86 --- [nio-8080-exec-6] c.n.j.m.MenubarController                : #######################
2023-05-31 11:40:03.616  INFO DESKTOP-VPMJP86 --- [nio-8080-exec-6] c.n.j.m.MenubarController                : USER OPENING THE PAGE: 4100
2023-05-31 11:40:04.911  INFO DESKTOP-VPMJP86 --- [nio-8080-exec-3] c.n.j.m.MenubarController                : #######################
2023-05-31 11:40:04.911  INFO DESKTOP-VPMJP86 --- [nio-8080-exec-3] c.n.j.m.MenubarController                : USER OPENING THE PAGE: 5100
2023-05-31 11:40:06.334  INFO DESKTOP-VPMJP86 --- [nio-8080-exec-1] c.n.j.m.MenubarController                : #######################
2023-05-31 11:40:06.335  INFO DESKTOP-VPMJP86 --- [nio-8080-exec-1] c.n.j.m.MenubarController                : USER OPENING THE PAGE: 6100
2023-05-31 11:40:07.851  INFO DESKTOP-VPMJP86 --- [nio-8080-exec-6] c.n.j.m.MenubarController                : #######################
2023-05-31 11:40:07.851  INFO DESKTOP-VPMJP86 --- [nio-8080-exec-6] c.n.j.m.MenubarController                : USER OPENING THE PAGE: 6200
2023-05-31 11:40:09.485  INFO DESKTOP-VPMJP86 --- [io-8080-exec-10] c.n.j.m.MenubarController                : #######################
2023-05-31 11:40:09.485  INFO DESKTOP-VPMJP86 --- [io-8080-exec-10] c.n.j.m.MenubarController                : USER OPENING THE PAGE: 7100
2023-05-31 11:40:13.478  INFO DESKTOP-VPMJP86 --- [nio-8080-exec-9] c.n.j.m.MenubarController                : #######################
2023-05-31 11:40:13.478  INFO DESKTOP-VPMJP86 --- [nio-8080-exec-9] c.n.j.m.MenubarController                : USER OPENING THE PAGE: 7200
2023-05-31 11:40:33.048  INFO DESKTOP-VPMJP86 --- [nio-8080-exec-1] c.n.j.a.AuthenticationController         : <<<<<<<<<<<<<<<<<<<<<<<<<<<<<<<<<<<<<<<<<<<<<<<<<<<<<<<<<<<<<<<<<<<<<<<<<<<<<<<<<<<<<<<<<<<<<<<<<<<<<<<<<<<<<<<<<<<<<<<<<<<<<<<<<<<<<<<<<<<<<<
2023-05-31 11:40:33.049  INFO DESKTOP-VPMJP86 --- [nio-8080-exec-1] c.n.j.a.AuthenticationController         : USER:(n1) LOGGED-OUT SUCCESSFULLY
2023-05-31 11:40:33.050  INFO DESKTOP-VPMJP86 --- [nio-8080-exec-1] c.n.j.a.AuthenticationController         : SESSION:(BC468D27AE74D85374CF3AAA3D8A08EB) REMOVED.
2023-05-31 11:40:33.051  INFO DESKTOP-VPMJP86 --- [nio-8080-exec-1] c.n.j.a.AuthenticationController         : <<<<<<<<<<<<<<<<<<<<<<<<<<<<<<<<<<<<<<<<<<<<<<<<<<<<<<<<<<<<<<<<<<<<<<<<<<<<<<<<<<<<<<<<<<<<<<<<<<<<<<<<<<<<<<<<<<<<<<<<<<<<<<<<<<<<<<<<<<<<<<<
2023-05-31 11:40:35.026  INFO DESKTOP-VPMJP86 --- [nio-8080-exec-4] c.n.j.m.MenubarController                : #######################
2023-05-31 11:40:35.026  INFO DESKTOP-VPMJP86 --- [nio-8080-exec-4] c.n.j.m.MenubarController                : KINDLY LOGIN TO PROCEEED
2023-05-31 11:40:35.027  INFO DESKTOP-VPMJP86 --- [nio-8080-exec-4] c.n.j.m.MenubarController                : USER OPENING THE PAGE: 1
2023-05-31 11:40:39.335  INFO DESKTOP-VPMJP86 --- [nio-8080-exec-9] c.n.j.a.AuthenticationService            : logincheck() method has been started
2023-05-31 11:40:39.484  INFO DESKTOP-VPMJP86 --- [nio-8080-exec-9] c.n.j.a.AuthenticationService            : logincheck() method has been completed
2023-05-31 11:40:39.485  INFO DESKTOP-VPMJP86 --- [nio-8080-exec-9] c.n.j.a.AuthenticationController         : >>>>>>>>>>>>>>>>>>>>>>>>>>>>>>>>>>>>>>>>>>>>>>>>>>>>>>>>>>>>>>>>>>>>>>>>>>>>>>>>>>>>>>>>>>>>>>>>>>>>>>>>>>>>>>>>>>>>>>>>>>>>>>>>>>>>>>>>>>>>>>>
2023-05-31 11:40:39.485  INFO DESKTOP-VPMJP86 --- [nio-8080-exec-9] c.n.j.a.AuthenticationController         : USER:(n1) LOGGED IN SUCCESFULLY
2023-05-31 11:40:39.485  INFO DESKTOP-VPMJP86 --- [nio-8080-exec-9] c.n.j.a.AuthenticationController         : SESSION:(609FE8E1B098F5EB1C9CB165F6806970) CREATED.
2023-05-31 11:40:39.485  INFO DESKTOP-VPMJP86 --- [nio-8080-exec-9] c.n.j.a.AuthenticationController         : >>>>>>>>>>>>>>>>>>>>>>>>>>>>>>>>>>>>>>>>>>>>>>>>>>>>>>>>>>>>>>>>>>>>>>>>>>>>>>>>>>>>>>>>>>>>>>>>>>>>>>>>>>>>>>>>>>>>>>>>>>>>>>>>>>>>>>>>>>>>>>>
2023-05-31 11:40:39.620  INFO DESKTOP-VPMJP86 --- [nio-8080-exec-4] c.n.j.m.MenubarController                : #######################
2023-05-31 11:40:39.620  INFO DESKTOP-VPMJP86 --- [nio-8080-exec-4] c.n.j.m.MenubarController                : USER OPENING THE PAGE: 1000
2023-05-31 11:40:53.529  INFO DESKTOP-VPMJP86 --- [nio-8080-exec-2] c.n.j.a.AuthenticationController         : <<<<<<<<<<<<<<<<<<<<<<<<<<<<<<<<<<<<<<<<<<<<<<<<<<<<<<<<<<<<<<<<<<<<<<<<<<<<<<<<<<<<<<<<<<<<<<<<<<<<<<<<<<<<<<<<<<<<<<<<<<<<<<<<<<<<<<<<<<<<<<
2023-05-31 11:40:53.530  INFO DESKTOP-VPMJP86 --- [nio-8080-exec-2] c.n.j.a.AuthenticationController         : USER:(n1) LOGGED-OUT SUCCESSFULLY
2023-05-31 11:40:53.531  INFO DESKTOP-VPMJP86 --- [nio-8080-exec-2] c.n.j.a.AuthenticationController         : SESSION:(609FE8E1B098F5EB1C9CB165F6806970) REMOVED.
2023-05-31 11:40:53.531  INFO DESKTOP-VPMJP86 --- [nio-8080-exec-2] c.n.j.a.AuthenticationController         : <<<<<<<<<<<<<<<<<<<<<<<<<<<<<<<<<<<<<<<<<<<<<<<<<<<<<<<<<<<<<<<<<<<<<<<<<<<<<<<<<<<<<<<<<<<<<<<<<<<<<<<<<<<<<<<<<<<<<<<<<<<<<<<<<<<<<<<<<<<<<<<
2023-05-31 11:42:08.349  INFO DESKTOP-VPMJP86 --- [n(11)-127.0.0.1] inMXBeanRegistrar$SpringApplicationAdmin : Application shutdown requested.
2023-05-31 11:42:08.645  INFO DESKTOP-VPMJP86 --- [n(11)-127.0.0.1] o.a.c.h.Http11NioProtocol                : Pausing ProtocolHandler ["http-nio-8080"]
2023-05-31 11:42:08.646  INFO DESKTOP-VPMJP86 --- [n(11)-127.0.0.1] o.a.c.c.StandardService                  : Stopping service [Tomcat]
2023-05-31 11:42:08.650  INFO DESKTOP-VPMJP86 --- [n(11)-127.0.0.1] o.a.c.c.C.[.[.[/jcmswebface]             : Destroying Spring FrameworkServlet 'dispatcherServlet'
2023-05-31 11:42:09.108  WARN DESKTOP-VPMJP86 --- [n(11)-127.0.0.1] o.a.c.l.WebappClassLoaderBase            : The web application [jcmswebface] appears to have started a thread named [HikariPool-1 housekeeper] but has failed to stop it. This is very likely to create a memory leak. Stack trace of thread:
 java.base@11.0.16.1/jdk.internal.misc.Unsafe.park(Native Method)
 java.base@11.0.16.1/java.util.concurrent.locks.LockSupport.parkNanos(LockSupport.java:234)
 java.base@11.0.16.1/java.util.concurrent.locks.AbstractQueuedSynchronizer$ConditionObject.awaitNanos(AbstractQueuedSynchronizer.java:2123)
 java.base@11.0.16.1/java.util.concurrent.ScheduledThreadPoolExecutor$DelayedWorkQueue.take(ScheduledThreadPoolExecutor.java:1182)
 java.base@11.0.16.1/java.util.concurrent.ScheduledThreadPoolExecutor$DelayedWorkQueue.take(ScheduledThreadPoolExecutor.java:899)
 java.base@11.0.16.1/java.util.concurrent.ThreadPoolExecutor.getTask(ThreadPoolExecutor.java:1054)
 java.base@11.0.16.1/java.util.concurrent.ThreadPoolExecutor.runWorker(ThreadPoolExecutor.java:1114)
 java.base@11.0.16.1/java.util.concurrent.ThreadPoolExecutor$Worker.run(ThreadPoolExecutor.java:628)
 java.base@11.0.16.1/java.lang.Thread.run(Thread.java:834)
2023-05-31 11:42:09.272  INFO DESKTOP-VPMJP86 --- [n(11)-127.0.0.1] o.a.c.h.Http11NioProtocol                : Stopping ProtocolHandler ["http-nio-8080"]
2023-05-31 11:42:09.660  INFO DESKTOP-VPMJP86 --- [n(11)-127.0.0.1] o.a.c.h.Http11NioProtocol                : Destroying ProtocolHandler ["http-nio-8080"]
2023-05-31 11:42:10.331  INFO DESKTOP-VPMJP86 --- [n(11)-127.0.0.1] c.z.h.HikariDataSource                   : HikariPool-1 - Shutdown initiated...
2023-05-31 11:42:11.177  INFO DESKTOP-VPMJP86 --- [n(11)-127.0.0.1] c.z.h.HikariDataSource                   : HikariPool-1 - Shutdown completed.
2023-05-31 12:02:40.579  INFO DESKTOP-VPMJP86 --- [  restartedMain] c.n.j.JcmswebfaceApplication             : Starting JcmswebfaceApplication using Java 11.0.16.1 on DESKTOP-VPMJP86 with PID 17136 (C:\Users\Pughal\Documents\workspace-spring-tool-suite-4-4.16.1.RELEASE\jcmswebface\target\classes started by srpp in C:\Users\Pughal\Documents\workspace-spring-tool-suite-4-4.16.1.RELEASE\jcmswebface)
2023-05-31 12:02:41.635  INFO DESKTOP-VPMJP86 --- [  restartedMain] c.n.j.JcmswebfaceApplication             : The following 1 profile is active: "DEV"
2023-05-31 12:02:43.484  INFO DESKTOP-VPMJP86 --- [  restartedMain] .e.DevToolsPropertyDefaultsPostProcessor : Devtools property defaults active! Set 'spring.devtools.add-properties' to 'false' to disable
2023-05-31 12:02:43.484  INFO DESKTOP-VPMJP86 --- [  restartedMain] .e.DevToolsPropertyDefaultsPostProcessor : For additional web related logging consider setting the 'logging.level.web' property to 'DEBUG'
2023-05-31 12:03:19.094  INFO DESKTOP-VPMJP86 --- [  restartedMain] o.s.b.w.e.t.TomcatWebServer              : Tomcat initialized with port(s): 8080 (http)
2023-05-31 12:03:19.166  INFO DESKTOP-VPMJP86 --- [  restartedMain] o.a.c.h.Http11NioProtocol                : Initializing ProtocolHandler ["http-nio-8080"]
2023-05-31 12:03:19.168  INFO DESKTOP-VPMJP86 --- [  restartedMain] o.a.c.c.StandardService                  : Starting service [Tomcat]
2023-05-31 12:03:19.169  INFO DESKTOP-VPMJP86 --- [  restartedMain] o.a.c.c.StandardEngine                   : Starting Servlet engine: [Apache Tomcat/9.0.68]
2023-05-31 12:03:19.609  INFO DESKTOP-VPMJP86 --- [  restartedMain] o.a.c.c.C.[.[.[/jcmswebface]             : Initializing Spring embedded WebApplicationContext
2023-05-31 12:03:19.609  INFO DESKTOP-VPMJP86 --- [  restartedMain] w.s.c.ServletWebServerApplicationContext : Root WebApplicationContext: initialization completed in 36102 ms
2023-05-31 12:03:24.884  INFO DESKTOP-VPMJP86 --- [  restartedMain] o.s.b.a.w.s.WelcomePageHandlerMapping    : Adding welcome page template: index
2023-05-31 12:03:27.461  INFO DESKTOP-VPMJP86 --- [  restartedMain] o.s.b.d.a.OptionalLiveReloadServer       : LiveReload server is running on port 35729
2023-05-31 12:03:27.511  INFO DESKTOP-VPMJP86 --- [  restartedMain] o.a.c.h.Http11NioProtocol                : Starting ProtocolHandler ["http-nio-8080"]
2023-05-31 12:03:27.872  INFO DESKTOP-VPMJP86 --- [  restartedMain] o.s.b.w.e.t.TomcatWebServer              : Tomcat started on port(s): 8080 (http) with context path '/jcmswebface'
2023-05-31 12:03:27.915  INFO DESKTOP-VPMJP86 --- [  restartedMain] c.n.j.JcmswebfaceApplication             : Started JcmswebfaceApplication in 65.096 seconds (JVM running for 85.08)
2023-05-31 12:03:27.922  INFO DESKTOP-VPMJP86 --- [  restartedMain] c.n.j.JcmswebfaceApplication             : ===============================================================================
2023-05-31 12:03:27.922  INFO DESKTOP-VPMJP86 --- [  restartedMain] c.n.j.JcmswebfaceApplication             :                JCMSWEBFACE WEBAPP HAS BEEN STARTED                             
2023-05-31 12:03:27.922  INFO DESKTOP-VPMJP86 --- [  restartedMain] c.n.j.JcmswebfaceApplication             : ===============================================================================
2023-05-31 12:03:27.922  INFO DESKTOP-VPMJP86 --- [  restartedMain] c.n.j.JcmswebfaceApplication             : Info log
2023-05-31 12:03:27.923  WARN DESKTOP-VPMJP86 --- [  restartedMain] c.n.j.JcmswebfaceApplication             : Hey, This is a warning!
2023-05-31 12:03:27.923 ERROR DESKTOP-VPMJP86 --- [  restartedMain] c.n.j.JcmswebfaceApplication             : Oops! We have an Error. OK
2023-05-31 12:03:27.923 FATAL DESKTOP-VPMJP86 --- [  restartedMain] c.n.j.JcmswebfaceApplication             : Damn! Fatal error. Please fix me.
2023-05-31 12:03:32.782  INFO DESKTOP-VPMJP86 --- [nio-8080-exec-1] o.a.c.c.C.[.[.[/jcmswebface]             : Initializing Spring DispatcherServlet 'dispatcherServlet'
2023-05-31 12:03:32.783  INFO DESKTOP-VPMJP86 --- [nio-8080-exec-1] o.s.w.s.DispatcherServlet                : Initializing Servlet 'dispatcherServlet'
2023-05-31 12:03:32.786  INFO DESKTOP-VPMJP86 --- [nio-8080-exec-1] o.s.w.s.DispatcherServlet                : Completed initialization in 2 ms
2023-05-31 12:03:39.191  INFO DESKTOP-VPMJP86 --- [nio-8080-exec-9] c.n.j.m.MenubarController                : #######################
2023-05-31 12:03:39.195  INFO DESKTOP-VPMJP86 --- [nio-8080-exec-9] c.n.j.m.MenubarController                : KINDLY LOGIN TO PROCEEED
2023-05-31 12:03:39.197  INFO DESKTOP-VPMJP86 --- [nio-8080-exec-9] c.n.j.m.MenubarController                : USER OPENING THE PAGE: 1
2023-05-31 12:04:05.621  INFO DESKTOP-VPMJP86 --- [nio-8080-exec-6] c.n.j.a.AuthenticationService            : logincheck() method has been started
2023-05-31 12:04:05.666  INFO DESKTOP-VPMJP86 --- [nio-8080-exec-6] c.z.h.HikariDataSource                   : HikariPool-1 - Starting...
2023-05-31 12:04:12.230  INFO DESKTOP-VPMJP86 --- [nio-8080-exec-6] c.z.h.HikariDataSource                   : HikariPool-1 - Start completed.
2023-05-31 12:04:14.462  INFO DESKTOP-VPMJP86 --- [nio-8080-exec-6] c.n.j.a.AuthenticationService            : logincheck() method has been completed
2023-05-31 12:04:14.463  INFO DESKTOP-VPMJP86 --- [nio-8080-exec-6] c.n.j.a.AuthenticationController         : >>>>>>>>>>>>>>>>>>>>>>>>>>>>>>>>>>>>>>>>>>>>>>>>>>>>>>>>>>>>>>>>>>>>>>>>>>>>>>>>>>>>>>>>>>>>>>>>>>>>>>>>>>>>>>>>>>>>>>>>>>>>>>>>>>>>>>>>>>>>>>>
2023-05-31 12:04:14.466  INFO DESKTOP-VPMJP86 --- [nio-8080-exec-6] c.n.j.a.AuthenticationController         : USER:(n1) LOGGED IN SUCCESFULLY
2023-05-31 12:04:14.466  INFO DESKTOP-VPMJP86 --- [nio-8080-exec-6] c.n.j.a.AuthenticationController         : SESSION:(DB80FFAD281A3D96922000FC96F91169) CREATED.
2023-05-31 12:04:14.467  INFO DESKTOP-VPMJP86 --- [nio-8080-exec-6] c.n.j.a.AuthenticationController         : >>>>>>>>>>>>>>>>>>>>>>>>>>>>>>>>>>>>>>>>>>>>>>>>>>>>>>>>>>>>>>>>>>>>>>>>>>>>>>>>>>>>>>>>>>>>>>>>>>>>>>>>>>>>>>>>>>>>>>>>>>>>>>>>>>>>>>>>>>>>>>>
2023-05-31 12:04:14.986  INFO DESKTOP-VPMJP86 --- [nio-8080-exec-7] c.n.j.m.MenubarController                : #######################
2023-05-31 12:04:14.986  INFO DESKTOP-VPMJP86 --- [nio-8080-exec-7] c.n.j.m.MenubarController                : USER OPENING THE PAGE: 1000
2023-05-31 12:06:35.168  INFO DESKTOP-VPMJP86 --- [   File Watcher] rtingClassPathChangeChangedEventListener : Restarting due to 1 class path change (0 additions, 0 deletions, 1 modification)
2023-05-31 12:06:35.692  INFO DESKTOP-VPMJP86 --- [       Thread-5] o.a.c.h.Http11NioProtocol                : Pausing ProtocolHandler ["http-nio-8080"]
2023-05-31 12:06:35.694  INFO DESKTOP-VPMJP86 --- [       Thread-5] o.a.c.c.StandardService                  : Stopping service [Tomcat]
2023-05-31 12:06:37.317  INFO DESKTOP-VPMJP86 --- [       Thread-5] o.a.c.c.C.[.[.[/jcmswebface]             : Destroying Spring FrameworkServlet 'dispatcherServlet'
2023-05-31 12:06:37.661  WARN DESKTOP-VPMJP86 --- [       Thread-5] o.a.c.l.WebappClassLoaderBase            : The web application [jcmswebface] appears to have started a thread named [HikariPool-1 housekeeper] but has failed to stop it. This is very likely to create a memory leak. Stack trace of thread:
 java.base@11.0.16.1/jdk.internal.misc.Unsafe.park(Native Method)
 java.base@11.0.16.1/java.util.concurrent.locks.LockSupport.parkNanos(LockSupport.java:234)
 java.base@11.0.16.1/java.util.concurrent.locks.AbstractQueuedSynchronizer$ConditionObject.awaitNanos(AbstractQueuedSynchronizer.java:2123)
 java.base@11.0.16.1/java.util.concurrent.ScheduledThreadPoolExecutor$DelayedWorkQueue.take(ScheduledThreadPoolExecutor.java:1182)
 java.base@11.0.16.1/java.util.concurrent.ScheduledThreadPoolExecutor$DelayedWorkQueue.take(ScheduledThreadPoolExecutor.java:899)
 java.base@11.0.16.1/java.util.concurrent.ThreadPoolExecutor.getTask(ThreadPoolExecutor.java:1054)
 java.base@11.0.16.1/java.util.concurrent.ThreadPoolExecutor.runWorker(ThreadPoolExecutor.java:1114)
 java.base@11.0.16.1/java.util.concurrent.ThreadPoolExecutor$Worker.run(ThreadPoolExecutor.java:628)
 java.base@11.0.16.1/java.lang.Thread.run(Thread.java:834)
2023-05-31 12:06:37.694  INFO DESKTOP-VPMJP86 --- [       Thread-5] o.a.c.h.Http11NioProtocol                : Stopping ProtocolHandler ["http-nio-8080"]
2023-05-31 12:06:38.085  INFO DESKTOP-VPMJP86 --- [       Thread-5] o.a.c.h.Http11NioProtocol                : Destroying ProtocolHandler ["http-nio-8080"]
2023-05-31 12:06:38.319  INFO DESKTOP-VPMJP86 --- [       Thread-5] c.z.h.HikariDataSource                   : HikariPool-1 - Shutdown initiated...
2023-05-31 12:06:41.236  INFO DESKTOP-VPMJP86 --- [       Thread-5] c.z.h.HikariDataSource                   : HikariPool-1 - Shutdown completed.
2023-05-31 12:06:43.622  INFO DESKTOP-VPMJP86 --- [  restartedMain] c.n.j.JcmswebfaceApplication             : Starting JcmswebfaceApplication using Java 11.0.16.1 on DESKTOP-VPMJP86 with PID 17136 (C:\Users\Pughal\Documents\workspace-spring-tool-suite-4-4.16.1.RELEASE\jcmswebface\target\classes started by srpp in C:\Users\Pughal\Documents\workspace-spring-tool-suite-4-4.16.1.RELEASE\jcmswebface)
2023-05-31 12:06:43.624  INFO DESKTOP-VPMJP86 --- [  restartedMain] c.n.j.JcmswebfaceApplication             : The following 1 profile is active: "DEV"
2023-05-31 12:06:55.088  INFO DESKTOP-VPMJP86 --- [  restartedMain] o.s.b.w.e.t.TomcatWebServer              : Tomcat initialized with port(s): 8080 (http)
2023-05-31 12:06:55.090  INFO DESKTOP-VPMJP86 --- [  restartedMain] o.a.c.h.Http11NioProtocol                : Initializing ProtocolHandler ["http-nio-8080"]
2023-05-31 12:06:55.091  INFO DESKTOP-VPMJP86 --- [  restartedMain] o.a.c.c.StandardService                  : Starting service [Tomcat]
2023-05-31 12:06:55.092  INFO DESKTOP-VPMJP86 --- [  restartedMain] o.a.c.c.StandardEngine                   : Starting Servlet engine: [Apache Tomcat/9.0.68]
2023-05-31 12:06:56.185  INFO DESKTOP-VPMJP86 --- [  restartedMain] o.a.c.c.C.[.[.[/jcmswebface]             : Initializing Spring embedded WebApplicationContext
2023-05-31 12:06:56.185  INFO DESKTOP-VPMJP86 --- [  restartedMain] w.s.c.ServletWebServerApplicationContext : Root WebApplicationContext: initialization completed in 12554 ms
2023-05-31 12:06:56.799  INFO DESKTOP-VPMJP86 --- [  restartedMain] o.s.b.a.w.s.WelcomePageHandlerMapping    : Adding welcome page template: index
2023-05-31 12:06:56.981  INFO DESKTOP-VPMJP86 --- [  restartedMain] o.s.b.d.a.OptionalLiveReloadServer       : LiveReload server is running on port 35729
2023-05-31 12:06:57.002  INFO DESKTOP-VPMJP86 --- [  restartedMain] o.a.c.h.Http11NioProtocol                : Starting ProtocolHandler ["http-nio-8080"]
2023-05-31 12:06:57.006  INFO DESKTOP-VPMJP86 --- [  restartedMain] o.s.b.w.e.t.TomcatWebServer              : Tomcat started on port(s): 8080 (http) with context path '/jcmswebface'
2023-05-31 12:06:57.015  INFO DESKTOP-VPMJP86 --- [  restartedMain] c.n.j.JcmswebfaceApplication             : Started JcmswebfaceApplication in 14.698 seconds (JVM running for 294.18)
2023-05-31 12:06:57.018  INFO DESKTOP-VPMJP86 --- [  restartedMain] .ConditionEvaluationDeltaLoggingListener : Condition evaluation unchanged
2023-05-31 12:06:57.018  INFO DESKTOP-VPMJP86 --- [  restartedMain] c.n.j.JcmswebfaceApplication             : ===============================================================================
2023-05-31 12:06:57.019  INFO DESKTOP-VPMJP86 --- [  restartedMain] c.n.j.JcmswebfaceApplication             :                JCMSWEBFACE WEBAPP HAS BEEN STARTED                             
2023-05-31 12:06:57.019  INFO DESKTOP-VPMJP86 --- [  restartedMain] c.n.j.JcmswebfaceApplication             : ===============================================================================
2023-05-31 12:06:57.019  INFO DESKTOP-VPMJP86 --- [  restartedMain] c.n.j.JcmswebfaceApplication             : Info log
2023-05-31 12:06:57.019  WARN DESKTOP-VPMJP86 --- [  restartedMain] c.n.j.JcmswebfaceApplication             : Hey, This is a warning!
2023-05-31 12:06:57.020 ERROR DESKTOP-VPMJP86 --- [  restartedMain] c.n.j.JcmswebfaceApplication             : Oops! We have an Error. OK
2023-05-31 12:06:57.020 FATAL DESKTOP-VPMJP86 --- [  restartedMain] c.n.j.JcmswebfaceApplication             : Damn! Fatal error. Please fix me.
2023-05-31 12:07:44.703  INFO DESKTOP-VPMJP86 --- [nio-8080-exec-1] o.a.c.c.C.[.[.[/jcmswebface]             : Initializing Spring DispatcherServlet 'dispatcherServlet'
2023-05-31 12:07:44.704  INFO DESKTOP-VPMJP86 --- [nio-8080-exec-1] o.s.w.s.DispatcherServlet                : Initializing Servlet 'dispatcherServlet'
2023-05-31 12:07:44.706  INFO DESKTOP-VPMJP86 --- [nio-8080-exec-1] o.s.w.s.DispatcherServlet                : Completed initialization in 2 ms
2023-05-31 12:07:44.775  INFO DESKTOP-VPMJP86 --- [nio-8080-exec-1] c.n.j.a.AuthenticationController         : USER:() NOT LOGGED IN YET
2023-05-31 12:08:42.408  INFO DESKTOP-VPMJP86 --- [   File Watcher] rtingClassPathChangeChangedEventListener : Restarting due to 1 class path change (0 additions, 0 deletions, 1 modification)
2023-05-31 12:08:43.055  INFO DESKTOP-VPMJP86 --- [       Thread-7] o.a.c.h.Http11NioProtocol                : Pausing ProtocolHandler ["http-nio-8080"]
2023-05-31 12:08:43.056  INFO DESKTOP-VPMJP86 --- [       Thread-7] o.a.c.c.StandardService                  : Stopping service [Tomcat]
2023-05-31 12:08:43.058  INFO DESKTOP-VPMJP86 --- [       Thread-7] o.a.c.c.C.[.[.[/jcmswebface]             : Destroying Spring FrameworkServlet 'dispatcherServlet'
2023-05-31 12:08:43.092  INFO DESKTOP-VPMJP86 --- [       Thread-7] o.a.c.h.Http11NioProtocol                : Stopping ProtocolHandler ["http-nio-8080"]
2023-05-31 12:08:43.096  INFO DESKTOP-VPMJP86 --- [       Thread-7] o.a.c.h.Http11NioProtocol                : Destroying ProtocolHandler ["http-nio-8080"]
2023-05-31 12:08:43.517  INFO DESKTOP-VPMJP86 --- [  restartedMain] c.n.j.JcmswebfaceApplication             : Starting JcmswebfaceApplication using Java 11.0.16.1 on DESKTOP-VPMJP86 with PID 17136 (C:\Users\Pughal\Documents\workspace-spring-tool-suite-4-4.16.1.RELEASE\jcmswebface\target\classes started by srpp in C:\Users\Pughal\Documents\workspace-spring-tool-suite-4-4.16.1.RELEASE\jcmswebface)
2023-05-31 12:08:43.519  INFO DESKTOP-VPMJP86 --- [  restartedMain] c.n.j.JcmswebfaceApplication             : The following 1 profile is active: "DEV"
2023-05-31 12:08:46.418  INFO DESKTOP-VPMJP86 --- [  restartedMain] o.s.b.w.e.t.TomcatWebServer              : Tomcat initialized with port(s): 8080 (http)
2023-05-31 12:08:46.420  INFO DESKTOP-VPMJP86 --- [  restartedMain] o.a.c.h.Http11NioProtocol                : Initializing ProtocolHandler ["http-nio-8080"]
2023-05-31 12:08:46.420  INFO DESKTOP-VPMJP86 --- [  restartedMain] o.a.c.c.StandardService                  : Starting service [Tomcat]
2023-05-31 12:08:46.421  INFO DESKTOP-VPMJP86 --- [  restartedMain] o.a.c.c.StandardEngine                   : Starting Servlet engine: [Apache Tomcat/9.0.68]
2023-05-31 12:08:46.580  INFO DESKTOP-VPMJP86 --- [  restartedMain] o.a.c.c.C.[.[.[/jcmswebface]             : Initializing Spring embedded WebApplicationContext
2023-05-31 12:08:46.581  INFO DESKTOP-VPMJP86 --- [  restartedMain] w.s.c.ServletWebServerApplicationContext : Root WebApplicationContext: initialization completed in 3051 ms
2023-05-31 12:08:47.246  INFO DESKTOP-VPMJP86 --- [  restartedMain] o.s.b.a.w.s.WelcomePageHandlerMapping    : Adding welcome page template: index
2023-05-31 12:08:47.414  INFO DESKTOP-VPMJP86 --- [  restartedMain] o.s.b.d.a.OptionalLiveReloadServer       : LiveReload server is running on port 35729
2023-05-31 12:08:47.434  INFO DESKTOP-VPMJP86 --- [  restartedMain] o.a.c.h.Http11NioProtocol                : Starting ProtocolHandler ["http-nio-8080"]
2023-05-31 12:08:47.438  INFO DESKTOP-VPMJP86 --- [  restartedMain] o.s.b.w.e.t.TomcatWebServer              : Tomcat started on port(s): 8080 (http) with context path '/jcmswebface'
2023-05-31 12:08:47.448  INFO DESKTOP-VPMJP86 --- [  restartedMain] c.n.j.JcmswebfaceApplication             : Started JcmswebfaceApplication in 4.072 seconds (JVM running for 404.614)
2023-05-31 12:08:47.452  INFO DESKTOP-VPMJP86 --- [  restartedMain] .ConditionEvaluationDeltaLoggingListener : Condition evaluation unchanged
2023-05-31 12:08:47.452  INFO DESKTOP-VPMJP86 --- [  restartedMain] c.n.j.JcmswebfaceApplication             : ===============================================================================
2023-05-31 12:08:47.453  INFO DESKTOP-VPMJP86 --- [  restartedMain] c.n.j.JcmswebfaceApplication             :                JCMSWEBFACE WEBAPP HAS BEEN STARTED                             
2023-05-31 12:08:47.453  INFO DESKTOP-VPMJP86 --- [  restartedMain] c.n.j.JcmswebfaceApplication             : ===============================================================================
2023-05-31 12:08:47.453  INFO DESKTOP-VPMJP86 --- [  restartedMain] c.n.j.JcmswebfaceApplication             : Info log
2023-05-31 12:08:47.453  WARN DESKTOP-VPMJP86 --- [  restartedMain] c.n.j.JcmswebfaceApplication             : Hey, This is a warning!
2023-05-31 12:08:47.454 ERROR DESKTOP-VPMJP86 --- [  restartedMain] c.n.j.JcmswebfaceApplication             : Oops! We have an Error. OK
2023-05-31 12:08:47.454 FATAL DESKTOP-VPMJP86 --- [  restartedMain] c.n.j.JcmswebfaceApplication             : Damn! Fatal error. Please fix me.
2023-05-31 12:09:32.782  INFO DESKTOP-VPMJP86 --- [nio-8080-exec-1] o.a.c.c.C.[.[.[/jcmswebface]             : Initializing Spring DispatcherServlet 'dispatcherServlet'
2023-05-31 12:09:32.783  INFO DESKTOP-VPMJP86 --- [nio-8080-exec-1] o.s.w.s.DispatcherServlet                : Initializing Servlet 'dispatcherServlet'
2023-05-31 12:09:32.785  INFO DESKTOP-VPMJP86 --- [nio-8080-exec-1] o.s.w.s.DispatcherServlet                : Completed initialization in 2 ms
2023-05-31 12:09:33.578  INFO DESKTOP-VPMJP86 --- [nio-8080-exec-1] c.n.j.m.MenubarController                : #######################
2023-05-31 12:09:33.579  INFO DESKTOP-VPMJP86 --- [nio-8080-exec-1] c.n.j.m.MenubarController                : KINDLY LOGIN TO PROCEEED
2023-05-31 12:09:33.581  INFO DESKTOP-VPMJP86 --- [nio-8080-exec-1] c.n.j.m.MenubarController                : USER OPENING THE PAGE: 1
2023-05-31 12:09:45.375  INFO DESKTOP-VPMJP86 --- [n(11)-127.0.0.1] inMXBeanRegistrar$SpringApplicationAdmin : Application shutdown requested.
2023-05-31 12:09:45.755  INFO DESKTOP-VPMJP86 --- [n(11)-127.0.0.1] o.a.c.h.Http11NioProtocol                : Pausing ProtocolHandler ["http-nio-8080"]
2023-05-31 12:09:45.756  INFO DESKTOP-VPMJP86 --- [n(11)-127.0.0.1] o.a.c.c.StandardService                  : Stopping service [Tomcat]
2023-05-31 12:09:45.758  INFO DESKTOP-VPMJP86 --- [n(11)-127.0.0.1] o.a.c.c.C.[.[.[/jcmswebface]             : Destroying Spring FrameworkServlet 'dispatcherServlet'
2023-05-31 12:09:45.769  INFO DESKTOP-VPMJP86 --- [n(11)-127.0.0.1] o.a.c.h.Http11NioProtocol                : Stopping ProtocolHandler ["http-nio-8080"]
2023-05-31 12:09:45.775  INFO DESKTOP-VPMJP86 --- [n(11)-127.0.0.1] o.a.c.h.Http11NioProtocol                : Destroying ProtocolHandler ["http-nio-8080"]
