2023-06-05 18:54:45.604  INFO DESKTOP-VPMJP86 --- [  restartedMain] c.n.j.JcmswebfaceApplication             : Starting JcmswebfaceApplication using Java 11.0.16.1 on DESKTOP-VPMJP86 with PID 5740 (C:\Users\Pughal\Documents\workspace-spring-tool-suite-4-4.16.1.RELEASE\jcmswebface\target\classes started by srpp in C:\Users\Pughal\Documents\workspace-spring-tool-suite-4-4.16.1.RELEASE\jcmswebface)
2023-06-05 18:54:45.835  INFO DESKTOP-VPMJP86 --- [  restartedMain] c.n.j.JcmswebfaceApplication             : The following 1 profile is active: "DEV"
2023-06-05 18:54:46.203  INFO DESKTOP-VPMJP86 --- [  restartedMain] .e.DevToolsPropertyDefaultsPostProcessor : Devtools property defaults active! Set 'spring.devtools.add-properties' to 'false' to disable
2023-06-05 18:54:46.207  INFO DESKTOP-VPMJP86 --- [  restartedMain] .e.DevToolsPropertyDefaultsPostProcessor : For additional web related logging consider setting the 'logging.level.web' property to 'DEBUG'
2023-06-05 18:54:54.178  INFO DESKTOP-VPMJP86 --- [  restartedMain] o.s.b.w.e.t.TomcatWebServer              : Tomcat initialized with port(s): 8080 (http)
2023-06-05 18:54:54.392  INFO DESKTOP-VPMJP86 --- [  restartedMain] o.a.c.h.Http11NioProtocol                : Initializing ProtocolHandler ["http-nio-8080"]
2023-06-05 18:54:54.408  INFO DESKTOP-VPMJP86 --- [  restartedMain] o.a.c.c.StandardService                  : Starting service [Tomcat]
2023-06-05 18:54:54.418  INFO DESKTOP-VPMJP86 --- [  restartedMain] o.a.c.c.StandardEngine                   : Starting Servlet engine: [Apache Tomcat/9.0.68]
2023-06-05 18:54:57.713  INFO DESKTOP-VPMJP86 --- [  restartedMain] o.a.c.c.C.[.[.[/jcmswebface]             : Initializing Spring embedded WebApplicationContext
2023-06-05 18:54:57.716  INFO DESKTOP-VPMJP86 --- [  restartedMain] w.s.c.ServletWebServerApplicationContext : Root WebApplicationContext: initialization completed in 11502 ms
2023-06-05 18:55:06.873  INFO DESKTOP-VPMJP86 --- [  restartedMain] o.s.b.a.w.s.WelcomePageHandlerMapping    : Adding welcome page template: index
2023-06-05 18:55:12.279  INFO DESKTOP-VPMJP86 --- [  restartedMain] o.s.b.d.a.OptionalLiveReloadServer       : LiveReload server is running on port 35729
2023-06-05 18:55:12.390  INFO DESKTOP-VPMJP86 --- [  restartedMain] o.a.c.h.Http11NioProtocol                : Starting ProtocolHandler ["http-nio-8080"]
2023-06-05 18:55:12.657  INFO DESKTOP-VPMJP86 --- [  restartedMain] o.s.b.w.e.t.TomcatWebServer              : Tomcat started on port(s): 8080 (http) with context path '/jcmswebface'
2023-06-05 18:55:12.725  INFO DESKTOP-VPMJP86 --- [  restartedMain] c.n.j.JcmswebfaceApplication             : Started JcmswebfaceApplication in 29.189 seconds (JVM running for 56.463)
2023-06-05 18:55:12.737  INFO DESKTOP-VPMJP86 --- [  restartedMain] c.n.j.JcmswebfaceApplication             : ===============================================================================
2023-06-05 18:55:12.738  INFO DESKTOP-VPMJP86 --- [  restartedMain] c.n.j.JcmswebfaceApplication             :                JCMSWEBFACE WEBAPP HAS BEEN STARTED                             
2023-06-05 18:55:12.738  INFO DESKTOP-VPMJP86 --- [  restartedMain] c.n.j.JcmswebfaceApplication             : ===============================================================================
2023-06-05 18:55:12.738  INFO DESKTOP-VPMJP86 --- [  restartedMain] c.n.j.JcmswebfaceApplication             : Info log
2023-06-05 18:55:12.739  WARN DESKTOP-VPMJP86 --- [  restartedMain] c.n.j.JcmswebfaceApplication             : Hey, This is a warning!
2023-06-05 18:55:12.740 ERROR DESKTOP-VPMJP86 --- [  restartedMain] c.n.j.JcmswebfaceApplication             : Oops! We have an Error. OK
2023-06-05 18:55:12.740 FATAL DESKTOP-VPMJP86 --- [  restartedMain] c.n.j.JcmswebfaceApplication             : Damn! Fatal error. Please fix me.
2023-06-05 18:55:51.655  INFO DESKTOP-VPMJP86 --- [nio-8080-exec-2] o.a.c.c.C.[.[.[/jcmswebface]             : Initializing Spring DispatcherServlet 'dispatcherServlet'
2023-06-05 18:55:51.657  INFO DESKTOP-VPMJP86 --- [nio-8080-exec-2] o.s.w.s.DispatcherServlet                : Initializing Servlet 'dispatcherServlet'
2023-06-05 18:55:51.661  INFO DESKTOP-VPMJP86 --- [nio-8080-exec-2] o.s.w.s.DispatcherServlet                : Completed initialization in 4 ms
2023-06-05 18:55:52.376  WARN DESKTOP-VPMJP86 --- [nio-8080-exec-2] o.a.c.u.SessionIdGeneratorBase           : Creation of SecureRandom instance for session ID generation using [SHA1PRNG] took [294] milliseconds.
2023-06-05 18:56:11.597  INFO DESKTOP-VPMJP86 --- [nio-8080-exec-1] c.n.j.m.MenubarController                : #######################
2023-06-05 18:56:11.598  INFO DESKTOP-VPMJP86 --- [nio-8080-exec-1] c.n.j.m.MenubarController                : KINDLY LOGIN TO PROCEEED
2023-06-05 18:56:11.612  INFO DESKTOP-VPMJP86 --- [nio-8080-exec-1] c.n.j.m.MenubarController                : USER OPENING THE PAGE: 1
2023-06-05 18:56:23.509  INFO DESKTOP-VPMJP86 --- [nio-8080-exec-5] c.n.j.a.AuthenticationService            : logincheck() method has been started
2023-06-05 18:56:23.682  INFO DESKTOP-VPMJP86 --- [nio-8080-exec-5] c.z.h.HikariDataSource                   : HikariPool-1 - Starting...
2023-06-05 18:56:32.079  INFO DESKTOP-VPMJP86 --- [nio-8080-exec-5] c.z.h.HikariDataSource                   : HikariPool-1 - Start completed.
2023-06-05 18:56:35.531  INFO DESKTOP-VPMJP86 --- [nio-8080-exec-5] c.n.j.a.AuthenticationService            : logincheck() method has been completed
2023-06-05 18:56:35.532  INFO DESKTOP-VPMJP86 --- [nio-8080-exec-5] c.n.j.a.AuthenticationController         : >>>>>>>>>>>>>>>>>>>>>>>>>>>>>>>>>>>>>>>>>>>>>>>>>>>>>>>>>>>>>>>>>>>>>>>>>>>>>>>>>>>>>>>>>>>>>>>>>>>>>>>>>>>>>>>>>>>>>>>>>>>>>>>>>>>>>>>>>>>>>>>
2023-06-05 18:56:35.533  INFO DESKTOP-VPMJP86 --- [nio-8080-exec-5] c.n.j.a.AuthenticationController         : USER:(n1) LOGGED IN SUCCESFULLY
2023-06-05 18:56:35.533  INFO DESKTOP-VPMJP86 --- [nio-8080-exec-5] c.n.j.a.AuthenticationController         : SESSION:(9CBFC2FC09720A083FA016405FA69ABC) CREATED.
2023-06-05 18:56:35.535  INFO DESKTOP-VPMJP86 --- [nio-8080-exec-5] c.n.j.a.AuthenticationController         : >>>>>>>>>>>>>>>>>>>>>>>>>>>>>>>>>>>>>>>>>>>>>>>>>>>>>>>>>>>>>>>>>>>>>>>>>>>>>>>>>>>>>>>>>>>>>>>>>>>>>>>>>>>>>>>>>>>>>>>>>>>>>>>>>>>>>>>>>>>>>>>
2023-06-05 18:56:35.928  INFO DESKTOP-VPMJP86 --- [nio-8080-exec-9] c.n.j.m.MenubarController                : #######################
2023-06-05 18:56:35.932  INFO DESKTOP-VPMJP86 --- [nio-8080-exec-9] c.n.j.m.MenubarController                : USER OPENING THE PAGE: 1000
2023-06-05 19:00:31.145  INFO DESKTOP-VPMJP86 --- [nio-8080-exec-2] c.n.j.m.MenubarController                : #######################
2023-06-05 19:00:31.148  INFO DESKTOP-VPMJP86 --- [nio-8080-exec-2] c.n.j.m.MenubarController                : USER OPENING THE PAGE: 7200
2023-06-05 19:01:08.932  INFO DESKTOP-VPMJP86 --- [nio-8080-exec-3] c.n.j.a.AuthenticationController         : <<<<<<<<<<<<<<<<<<<<<<<<<<<<<<<<<<<<<<<<<<<<<<<<<<<<<<<<<<<<<<<<<<<<<<<<<<<<<<<<<<<<<<<<<<<<<<<<<<<<<<<<<<<<<<<<<<<<<<<<<<<<<<<<<<<<<<<<<<<<<<
2023-06-05 19:01:08.933  INFO DESKTOP-VPMJP86 --- [nio-8080-exec-3] c.n.j.a.AuthenticationController         : USER:(n1) LOGGED-OUT SUCCESSFULLY
2023-06-05 19:01:08.933  INFO DESKTOP-VPMJP86 --- [nio-8080-exec-3] c.n.j.a.AuthenticationController         : SESSION:(9CBFC2FC09720A083FA016405FA69ABC) REMOVED.
2023-06-05 19:01:08.934  INFO DESKTOP-VPMJP86 --- [nio-8080-exec-3] c.n.j.a.AuthenticationController         : <<<<<<<<<<<<<<<<<<<<<<<<<<<<<<<<<<<<<<<<<<<<<<<<<<<<<<<<<<<<<<<<<<<<<<<<<<<<<<<<<<<<<<<<<<<<<<<<<<<<<<<<<<<<<<<<<<<<<<<<<<<<<<<<<<<<<<<<<<<<<<<
2023-06-05 19:01:10.964  INFO DESKTOP-VPMJP86 --- [nio-8080-exec-3] c.n.j.m.MenubarController                : #######################
2023-06-05 19:01:10.965  INFO DESKTOP-VPMJP86 --- [nio-8080-exec-3] c.n.j.m.MenubarController                : KINDLY LOGIN TO PROCEEED
2023-06-05 19:01:10.968  INFO DESKTOP-VPMJP86 --- [nio-8080-exec-3] c.n.j.m.MenubarController                : USER OPENING THE PAGE: 1
2023-06-05 19:01:17.357  INFO DESKTOP-VPMJP86 --- [nio-8080-exec-7] c.n.j.a.AuthenticationService            : logincheck() method has been started
2023-06-05 19:01:17.424  INFO DESKTOP-VPMJP86 --- [nio-8080-exec-7] c.n.j.a.AuthenticationService            : logincheck() method has been completed
2023-06-05 19:01:17.424  INFO DESKTOP-VPMJP86 --- [nio-8080-exec-7] c.n.j.a.AuthenticationController         : >>>>>>>>>>>>>>>>>>>>>>>>>>>>>>>>>>>>>>>>>>>>>>>>>>>>>>>>>>>>>>>>>>>>>>>>>>>>>>>>>>>>>>>>>>>>>>>>>>>>>>>>>>>>>>>>>>>>>>>>>>>>>>>>>>>>>>>>>>>>>>>
2023-06-05 19:01:17.425  INFO DESKTOP-VPMJP86 --- [nio-8080-exec-7] c.n.j.a.AuthenticationController         : USER:(n1) LOGGED IN SUCCESFULLY
2023-06-05 19:01:17.425  INFO DESKTOP-VPMJP86 --- [nio-8080-exec-7] c.n.j.a.AuthenticationController         : SESSION:(C9CAD36AE293A367AB96FABC1CEF7B3C) CREATED.
2023-06-05 19:01:17.425  INFO DESKTOP-VPMJP86 --- [nio-8080-exec-7] c.n.j.a.AuthenticationController         : >>>>>>>>>>>>>>>>>>>>>>>>>>>>>>>>>>>>>>>>>>>>>>>>>>>>>>>>>>>>>>>>>>>>>>>>>>>>>>>>>>>>>>>>>>>>>>>>>>>>>>>>>>>>>>>>>>>>>>>>>>>>>>>>>>>>>>>>>>>>>>>
2023-06-05 19:01:17.535  INFO DESKTOP-VPMJP86 --- [nio-8080-exec-5] c.n.j.m.MenubarController                : #######################
2023-06-05 19:01:17.535  INFO DESKTOP-VPMJP86 --- [nio-8080-exec-5] c.n.j.m.MenubarController                : USER OPENING THE PAGE: 1000
2023-06-05 19:01:22.251  INFO DESKTOP-VPMJP86 --- [nio-8080-exec-3] c.n.j.m.MenubarController                : #######################
2023-06-05 19:01:22.252  INFO DESKTOP-VPMJP86 --- [nio-8080-exec-3] c.n.j.m.MenubarController                : USER OPENING THE PAGE: 2100
2023-06-05 19:01:24.168  INFO DESKTOP-VPMJP86 --- [nio-8080-exec-2] c.n.j.m.MenubarController                : #######################
2023-06-05 19:01:24.170  INFO DESKTOP-VPMJP86 --- [nio-8080-exec-2] c.n.j.m.MenubarController                : USER OPENING THE PAGE: 2200
2023-06-05 19:01:26.495  INFO DESKTOP-VPMJP86 --- [nio-8080-exec-7] c.n.j.m.MenubarController                : #######################
2023-06-05 19:01:26.496  INFO DESKTOP-VPMJP86 --- [nio-8080-exec-7] c.n.j.m.MenubarController                : USER OPENING THE PAGE: 2300
2023-06-05 19:15:21.089  INFO DESKTOP-VPMJP86 --- [nio-8080-exec-2] c.n.j.a.AuthenticationController         : <<<<<<<<<<<<<<<<<<<<<<<<<<<<<<<<<<<<<<<<<<<<<<<<<<<<<<<<<<<<<<<<<<<<<<<<<<<<<<<<<<<<<<<<<<<<<<<<<<<<<<<<<<<<<<<<<<<<<<<<<<<<<<<<<<<<<<<<<<<<<<
2023-06-05 19:15:21.124  INFO DESKTOP-VPMJP86 --- [nio-8080-exec-2] c.n.j.a.AuthenticationController         : USER:(n1) LOGGED-OUT SUCCESSFULLY
2023-06-05 19:15:21.124  INFO DESKTOP-VPMJP86 --- [nio-8080-exec-2] c.n.j.a.AuthenticationController         : SESSION:(C9CAD36AE293A367AB96FABC1CEF7B3C) REMOVED.
2023-06-05 19:15:21.124  INFO DESKTOP-VPMJP86 --- [nio-8080-exec-2] c.n.j.a.AuthenticationController         : <<<<<<<<<<<<<<<<<<<<<<<<<<<<<<<<<<<<<<<<<<<<<<<<<<<<<<<<<<<<<<<<<<<<<<<<<<<<<<<<<<<<<<<<<<<<<<<<<<<<<<<<<<<<<<<<<<<<<<<<<<<<<<<<<<<<<<<<<<<<<<<
2023-06-05 19:15:26.880  INFO DESKTOP-VPMJP86 --- [nio-8080-exec-6] c.n.j.m.MenubarController                : #######################
2023-06-05 19:15:26.882  INFO DESKTOP-VPMJP86 --- [nio-8080-exec-6] c.n.j.m.MenubarController                : KINDLY LOGIN TO PROCEEED
2023-06-05 19:15:26.883  INFO DESKTOP-VPMJP86 --- [nio-8080-exec-6] c.n.j.m.MenubarController                : USER OPENING THE PAGE: 1
2023-06-05 19:15:45.035  INFO DESKTOP-VPMJP86 --- [nio-8080-exec-8] c.n.j.a.AuthenticationService            : logincheck() method has been started
2023-06-05 19:15:45.235  INFO DESKTOP-VPMJP86 --- [nio-8080-exec-8] c.n.j.a.AuthenticationService            : logincheck() method has been completed
2023-06-05 19:15:45.236  INFO DESKTOP-VPMJP86 --- [nio-8080-exec-8] c.n.j.a.AuthenticationController         : >>>>>>>>>>>>>>>>>>>>>>>>>>>>>>>>>>>>>>>>>>>>>>>>>>>>>>>>>>>>>>>>>>>>>>>>>>>>>>>>>>>>>>>>>>>>>>>>>>>>>>>>>>>>>>>>>>>>>>>>>>>>>>>>>>>>>>>>>>>>>>>
2023-06-05 19:15:45.237  INFO DESKTOP-VPMJP86 --- [nio-8080-exec-8] c.n.j.a.AuthenticationController         : USER:(b1) LOGGED IN SUCCESFULLY
2023-06-05 19:15:45.238  INFO DESKTOP-VPMJP86 --- [nio-8080-exec-8] c.n.j.a.AuthenticationController         : SESSION:(E90009B6719558F0AADF2DD57383CC58) CREATED.
2023-06-05 19:15:45.239  INFO DESKTOP-VPMJP86 --- [nio-8080-exec-8] c.n.j.a.AuthenticationController         : >>>>>>>>>>>>>>>>>>>>>>>>>>>>>>>>>>>>>>>>>>>>>>>>>>>>>>>>>>>>>>>>>>>>>>>>>>>>>>>>>>>>>>>>>>>>>>>>>>>>>>>>>>>>>>>>>>>>>>>>>>>>>>>>>>>>>>>>>>>>>>>
2023-06-05 19:15:45.604  INFO DESKTOP-VPMJP86 --- [nio-8080-exec-7] c.n.j.m.MenubarController                : #######################
2023-06-05 19:15:45.604  INFO DESKTOP-VPMJP86 --- [nio-8080-exec-7] c.n.j.m.MenubarController                : USER OPENING THE PAGE: 1000
2023-06-05 19:16:54.976  INFO DESKTOP-VPMJP86 --- [nio-8080-exec-3] c.n.j.m.MenubarController                : #######################
2023-06-05 19:16:54.977  INFO DESKTOP-VPMJP86 --- [nio-8080-exec-3] c.n.j.m.MenubarController                : USER OPENING THE PAGE: 2100
2023-06-05 19:17:02.094  INFO DESKTOP-VPMJP86 --- [nio-8080-exec-4] c.n.j.m.MenubarController                : #######################
2023-06-05 19:17:02.095  INFO DESKTOP-VPMJP86 --- [nio-8080-exec-4] c.n.j.m.MenubarController                : USER OPENING THE PAGE: 7100
2023-06-05 19:18:43.833  INFO DESKTOP-VPMJP86 --- [nio-8080-exec-6] c.n.j.m.MenubarController                : #######################
2023-06-05 19:18:43.834  INFO DESKTOP-VPMJP86 --- [nio-8080-exec-6] c.n.j.m.MenubarController                : USER OPENING THE PAGE: 7200
2023-06-05 19:19:16.367  INFO DESKTOP-VPMJP86 --- [nio-8080-exec-9] c.n.j.a.AuthenticationController         : <<<<<<<<<<<<<<<<<<<<<<<<<<<<<<<<<<<<<<<<<<<<<<<<<<<<<<<<<<<<<<<<<<<<<<<<<<<<<<<<<<<<<<<<<<<<<<<<<<<<<<<<<<<<<<<<<<<<<<<<<<<<<<<<<<<<<<<<<<<<<<
2023-06-05 19:19:16.368  INFO DESKTOP-VPMJP86 --- [nio-8080-exec-9] c.n.j.a.AuthenticationController         : USER:(b1) LOGGED-OUT SUCCESSFULLY
2023-06-05 19:19:16.371  INFO DESKTOP-VPMJP86 --- [nio-8080-exec-9] c.n.j.a.AuthenticationController         : SESSION:(E90009B6719558F0AADF2DD57383CC58) REMOVED.
2023-06-05 19:19:16.374  INFO DESKTOP-VPMJP86 --- [nio-8080-exec-9] c.n.j.a.AuthenticationController         : <<<<<<<<<<<<<<<<<<<<<<<<<<<<<<<<<<<<<<<<<<<<<<<<<<<<<<<<<<<<<<<<<<<<<<<<<<<<<<<<<<<<<<<<<<<<<<<<<<<<<<<<<<<<<<<<<<<<<<<<<<<<<<<<<<<<<<<<<<<<<<<
2023-06-05 19:19:18.650  INFO DESKTOP-VPMJP86 --- [nio-8080-exec-1] c.n.j.m.MenubarController                : #######################
2023-06-05 19:19:18.652  INFO DESKTOP-VPMJP86 --- [nio-8080-exec-1] c.n.j.m.MenubarController                : KINDLY LOGIN TO PROCEEED
2023-06-05 19:19:18.657  INFO DESKTOP-VPMJP86 --- [nio-8080-exec-1] c.n.j.m.MenubarController                : USER OPENING THE PAGE: 1
2023-06-05 19:19:26.273  INFO DESKTOP-VPMJP86 --- [nio-8080-exec-2] c.n.j.a.AuthenticationService            : logincheck() method has been started
2023-06-05 19:19:26.383  INFO DESKTOP-VPMJP86 --- [nio-8080-exec-2] c.n.j.a.AuthenticationService            : logincheck() method has been completed
2023-06-05 19:19:26.383  INFO DESKTOP-VPMJP86 --- [nio-8080-exec-2] c.n.j.a.AuthenticationController         : >>>>>>>>>>>>>>>>>>>>>>>>>>>>>>>>>>>>>>>>>>>>>>>>>>>>>>>>>>>>>>>>>>>>>>>>>>>>>>>>>>>>>>>>>>>>>>>>>>>>>>>>>>>>>>>>>>>>>>>>>>>>>>>>>>>>>>>>>>>>>>>
2023-06-05 19:19:26.383  INFO DESKTOP-VPMJP86 --- [nio-8080-exec-2] c.n.j.a.AuthenticationController         : USER:(nm) LOGGED IN SUCCESFULLY
2023-06-05 19:19:26.384  INFO DESKTOP-VPMJP86 --- [nio-8080-exec-2] c.n.j.a.AuthenticationController         : SESSION:(F741D01486286F8FD918BC27D4E5D66C) CREATED.
2023-06-05 19:19:26.384  INFO DESKTOP-VPMJP86 --- [nio-8080-exec-2] c.n.j.a.AuthenticationController         : >>>>>>>>>>>>>>>>>>>>>>>>>>>>>>>>>>>>>>>>>>>>>>>>>>>>>>>>>>>>>>>>>>>>>>>>>>>>>>>>>>>>>>>>>>>>>>>>>>>>>>>>>>>>>>>>>>>>>>>>>>>>>>>>>>>>>>>>>>>>>>>
2023-06-05 19:19:26.542  INFO DESKTOP-VPMJP86 --- [nio-8080-exec-8] c.n.j.m.MenubarController                : #######################
2023-06-05 19:19:26.543  INFO DESKTOP-VPMJP86 --- [nio-8080-exec-8] c.n.j.m.MenubarController                : USER OPENING THE PAGE: 1000
2023-06-05 19:24:40.903  INFO DESKTOP-VPMJP86 --- [nio-8080-exec-3] c.n.j.m.MenubarController                : #######################
2023-06-05 19:24:40.904  INFO DESKTOP-VPMJP86 --- [nio-8080-exec-3] c.n.j.m.MenubarController                : USER OPENING THE PAGE: 3100
2023-06-05 19:24:52.581  INFO DESKTOP-VPMJP86 --- [nio-8080-exec-9] c.n.j.m.MenubarController                : #######################
2023-06-05 19:24:52.582  INFO DESKTOP-VPMJP86 --- [nio-8080-exec-9] c.n.j.m.MenubarController                : USER OPENING THE PAGE: 7100
2023-06-05 20:04:48.009  INFO DESKTOP-VPMJP86 --- [n(72)-127.0.0.1] inMXBeanRegistrar$SpringApplicationAdmin : Application shutdown requested.
2023-06-05 20:04:49.138  INFO DESKTOP-VPMJP86 --- [n(72)-127.0.0.1] o.a.c.h.Http11NioProtocol                : Pausing ProtocolHandler ["http-nio-8080"]
2023-06-05 20:04:49.140  INFO DESKTOP-VPMJP86 --- [n(72)-127.0.0.1] o.a.c.c.StandardService                  : Stopping service [Tomcat]
2023-06-05 20:04:49.363  INFO DESKTOP-VPMJP86 --- [n(72)-127.0.0.1] o.a.c.c.C.[.[.[/jcmswebface]             : Destroying Spring FrameworkServlet 'dispatcherServlet'
2023-06-05 20:04:50.110  WARN DESKTOP-VPMJP86 --- [n(72)-127.0.0.1] o.a.c.l.WebappClassLoaderBase            : The web application [jcmswebface] appears to have started a thread named [HikariPool-1 housekeeper] but has failed to stop it. This is very likely to create a memory leak. Stack trace of thread:
 java.base@11.0.16.1/jdk.internal.misc.Unsafe.park(Native Method)
 java.base@11.0.16.1/java.util.concurrent.locks.LockSupport.parkNanos(LockSupport.java:234)
 java.base@11.0.16.1/java.util.concurrent.locks.AbstractQueuedSynchronizer$ConditionObject.awaitNanos(AbstractQueuedSynchronizer.java:2123)
 java.base@11.0.16.1/java.util.concurrent.ScheduledThreadPoolExecutor$DelayedWorkQueue.take(ScheduledThreadPoolExecutor.java:1182)
 java.base@11.0.16.1/java.util.concurrent.ScheduledThreadPoolExecutor$DelayedWorkQueue.take(ScheduledThreadPoolExecutor.java:899)
 java.base@11.0.16.1/java.util.concurrent.ThreadPoolExecutor.getTask(ThreadPoolExecutor.java:1054)
 java.base@11.0.16.1/java.util.concurrent.ThreadPoolExecutor.runWorker(ThreadPoolExecutor.java:1114)
 java.base@11.0.16.1/java.util.concurrent.ThreadPoolExecutor$Worker.run(ThreadPoolExecutor.java:628)
 java.base@11.0.16.1/java.lang.Thread.run(Thread.java:834)
2023-06-05 20:04:50.271  INFO DESKTOP-VPMJP86 --- [n(72)-127.0.0.1] o.a.c.h.Http11NioProtocol                : Stopping ProtocolHandler ["http-nio-8080"]
2023-06-05 20:04:50.488  INFO DESKTOP-VPMJP86 --- [n(72)-127.0.0.1] o.a.c.h.Http11NioProtocol                : Destroying ProtocolHandler ["http-nio-8080"]
2023-06-05 20:04:50.887  INFO DESKTOP-VPMJP86 --- [n(72)-127.0.0.1] c.z.h.HikariDataSource                   : HikariPool-1 - Shutdown initiated...
2023-06-05 20:04:51.013  INFO DESKTOP-VPMJP86 --- [n(72)-127.0.0.1] c.z.h.HikariDataSource                   : HikariPool-1 - Shutdown completed.
